{"/Users/it/aegis-os/workflows/chat-page-demo/l3-dev/backend/src/index.js": {"path":"/Users/it/aegis-os/workflows/chat-page-demo/l3-dev/backend/src/index.js","statementMap":{"0":{"start":{"line":1,"column":16},"end":{"line":1,"column":34}},"1":{"start":{"line":2,"column":13},"end":{"line":2,"column":28}},"2":{"start":{"line":3,"column":19},"end":{"line":3,"column":39}},"3":{"start":{"line":4,"column":13},"end":{"line":4,"column":28}},"4":{"start":{"line":5,"column":15},"end":{"line":5,"column":32}},"5":{"start":{"line":6,"column":18},"end":{"line":6,"column":47}},"6":{"start":{"line":8,"column":27},"end":{"line":8,"column":60}},"7":{"start":{"line":9,"column":22},"end":{"line":9,"column":50}},"8":{"start":{"line":10,"column":17},"end":{"line":10,"column":39}},"9":{"start":{"line":11,"column":18},"end":{"line":11,"column":40}},"10":{"start":{"line":13,"column":13},"end":{"line":13,"column":37}},"11":{"start":{"line":14,"column":20},"end":{"line":14,"column":50}},"12":{"start":{"line":16,"column":12},"end":{"line":16,"column":21}},"13":{"start":{"line":17,"column":15},"end":{"line":17,"column":37}},"14":{"start":{"line":18,"column":11},"end":{"line":21,"column":2}},"15":{"start":{"line":23,"column":0},"end":{"line":23,"column":18}},"16":{"start":{"line":25,"column":0},"end":{"line":25,"column":18}},"17":{"start":{"line":26,"column":0},"end":{"line":26,"column":39}},"18":{"start":{"line":27,"column":0},"end":{"line":27,"column":40}},"19":{"start":{"line":29,"column":23},"end":{"line":34,"column":2}},"20":{"start":{"line":35,"column":0},"end":{"line":35,"column":24}},"21":{"start":{"line":37,"column":23},"end":{"line":44,"column":2}},"22":{"start":{"line":42,"column":25},"end":{"line":42,"column":59}},"23":{"start":{"line":43,"column":26},"end":{"line":43,"column":97}},"24":{"start":{"line":45,"column":0},"end":{"line":45,"column":41}},"25":{"start":{"line":47,"column":0},"end":{"line":47,"column":50}},"26":{"start":{"line":48,"column":0},"end":{"line":48,"column":40}},"27":{"start":{"line":49,"column":0},"end":{"line":49,"column":29}},"28":{"start":{"line":51,"column":0},"end":{"line":51,"column":62}},"29":{"start":{"line":51,"column":34},"end":{"line":51,"column":60}},"30":{"start":{"line":53,"column":0},"end":{"line":84,"column":3}},"31":{"start":{"line":54,"column":2},"end":{"line":57,"column":5}},"32":{"start":{"line":55,"column":4},"end":{"line":55,"column":32}},"33":{"start":{"line":55,"column":25},"end":{"line":55,"column":32}},"34":{"start":{"line":56,"column":4},"end":{"line":56,"column":32}},"35":{"start":{"line":59,"column":2},"end":{"line":62,"column":5}},"36":{"start":{"line":60,"column":4},"end":{"line":60,"column":32}},"37":{"start":{"line":60,"column":25},"end":{"line":60,"column":32}},"38":{"start":{"line":61,"column":4},"end":{"line":61,"column":33}},"39":{"start":{"line":64,"column":2},"end":{"line":72,"column":5}},"40":{"start":{"line":65,"column":4},"end":{"line":65,"column":32}},"41":{"start":{"line":65,"column":25},"end":{"line":65,"column":32}},"42":{"start":{"line":66,"column":19},"end":{"line":66,"column":68}},"43":{"start":{"line":67,"column":17},"end":{"line":67,"column":42}},"44":{"start":{"line":68,"column":4},"end":{"line":70,"column":7}},"45":{"start":{"line":69,"column":6},"end":{"line":69,"column":38}},"46":{"start":{"line":71,"column":4},"end":{"line":71,"column":36}},"47":{"start":{"line":74,"column":2},"end":{"line":79,"column":5}},"48":{"start":{"line":75,"column":4},"end":{"line":75,"column":32}},"49":{"start":{"line":75,"column":25},"end":{"line":75,"column":32}},"50":{"start":{"line":76,"column":19},"end":{"line":76,"column":68}},"51":{"start":{"line":77,"column":4},"end":{"line":77,"column":46}},"52":{"start":{"line":78,"column":4},"end":{"line":78,"column":36}},"53":{"start":{"line":81,"column":2},"end":{"line":83,"column":5}},"54":{"start":{"line":87,"column":18},"end":{"line":87,"column":54}},"55":{"start":{"line":88,"column":16},"end":{"line":91,"column":4}},"56":{"start":{"line":89,"column":14},"end":{"line":89,"column":35}},"57":{"start":{"line":90,"column":4},"end":{"line":90,"column":68}},"58":{"start":{"line":92,"column":2},"end":{"line":92,"column":73}},"59":{"start":{"line":95,"column":0},"end":{"line":97,"column":3}},"60":{"start":{"line":96,"column":2},"end":{"line":96,"column":50}},"61":{"start":{"line":99,"column":0},"end":{"line":99,"column":37}}},"fnMap":{"0":{"name":"(anonymous_0)","decl":{"start":{"line":42,"column":16},"end":{"line":42,"column":17}},"loc":{"start":{"line":42,"column":25},"end":{"line":42,"column":59}},"line":42},"1":{"name":"(anonymous_1)","decl":{"start":{"line":43,"column":11},"end":{"line":43,"column":12}},"loc":{"start":{"line":43,"column":26},"end":{"line":43,"column":97}},"line":43},"2":{"name":"(anonymous_2)","decl":{"start":{"line":51,"column":19},"end":{"line":51,"column":20}},"loc":{"start":{"line":51,"column":34},"end":{"line":51,"column":60}},"line":51},"3":{"name":"(anonymous_3)","decl":{"start":{"line":53,"column":20},"end":{"line":53,"column":21}},"loc":{"start":{"line":53,"column":32},"end":{"line":84,"column":1}},"line":53},"4":{"name":"(anonymous_4)","decl":{"start":{"line":54,"column":25},"end":{"line":54,"column":26}},"loc":{"start":{"line":54,"column":49},"end":{"line":57,"column":3}},"line":54},"5":{"name":"(anonymous_5)","decl":{"start":{"line":59,"column":26},"end":{"line":59,"column":27}},"loc":{"start":{"line":59,"column":50},"end":{"line":62,"column":3}},"line":59},"6":{"name":"(anonymous_6)","decl":{"start":{"line":64,"column":28},"end":{"line":64,"column":29}},"loc":{"start":{"line":64,"column":52},"end":{"line":72,"column":3}},"line":64},"7":{"name":"(anonymous_7)","decl":{"start":{"line":68,"column":44},"end":{"line":68,"column":45}},"loc":{"start":{"line":68,"column":50},"end":{"line":70,"column":5}},"line":68},"8":{"name":"(anonymous_8)","decl":{"start":{"line":74,"column":27},"end":{"line":74,"column":28}},"loc":{"start":{"line":74,"column":51},"end":{"line":79,"column":3}},"line":74},"9":{"name":"(anonymous_9)","decl":{"start":{"line":81,"column":26},"end":{"line":81,"column":27}},"loc":{"start":{"line":81,"column":32},"end":{"line":83,"column":3}},"line":81},"10":{"name":"broadcastTyping","decl":{"start":{"line":86,"column":9},"end":{"line":86,"column":24}},"loc":{"start":{"line":86,"column":41},"end":{"line":93,"column":1}},"line":86},"11":{"name":"(anonymous_11)","decl":{"start":{"line":88,"column":28},"end":{"line":88,"column":29}},"loc":{"start":{"line":88,"column":36},"end":{"line":91,"column":3}},"line":88},"12":{"name":"(anonymous_12)","decl":{"start":{"line":95,"column":20},"end":{"line":95,"column":21}},"loc":{"start":{"line":95,"column":26},"end":{"line":97,"column":1}},"line":95}},"branchMap":{"0":{"loc":{"start":{"line":13,"column":13},"end":{"line":13,"column":37}},"type":"binary-expr","locations":[{"start":{"line":13,"column":13},"end":{"line":13,"column":29}},{"start":{"line":13,"column":33},"end":{"line":13,"column":37}}],"line":13},"1":{"loc":{"start":{"line":14,"column":20},"end":{"line":14,"column":50}},"type":"binary-expr","locations":[{"start":{"line":14,"column":20},"end":{"line":14,"column":43}},{"start":{"line":14,"column":47},"end":{"line":14,"column":50}}],"line":14},"2":{"loc":{"start":{"line":42,"column":25},"end":{"line":42,"column":59}},"type":"binary-expr","locations":[{"start":{"line":42,"column":25},"end":{"line":42,"column":49}},{"start":{"line":42,"column":53},"end":{"line":42,"column":59}}],"line":42},"3":{"loc":{"start":{"line":55,"column":4},"end":{"line":55,"column":32}},"type":"if","locations":[{"start":{"line":55,"column":4},"end":{"line":55,"column":32}},{"start":{},"end":{}}],"line":55},"4":{"loc":{"start":{"line":60,"column":4},"end":{"line":60,"column":32}},"type":"if","locations":[{"start":{"line":60,"column":4},"end":{"line":60,"column":32}},{"start":{},"end":{}}],"line":60},"5":{"loc":{"start":{"line":65,"column":4},"end":{"line":65,"column":32}},"type":"if","locations":[{"start":{"line":65,"column":4},"end":{"line":65,"column":32}},{"start":{},"end":{}}],"line":65},"6":{"loc":{"start":{"line":66,"column":19},"end":{"line":66,"column":68}},"type":"binary-expr","locations":[{"start":{"line":66,"column":19},"end":{"line":66,"column":56}},{"start":{"line":66,"column":60},"end":{"line":66,"column":68}}],"line":66},"7":{"loc":{"start":{"line":75,"column":4},"end":{"line":75,"column":32}},"type":"if","locations":[{"start":{"line":75,"column":4},"end":{"line":75,"column":32}},{"start":{},"end":{}}],"line":75},"8":{"loc":{"start":{"line":76,"column":19},"end":{"line":76,"column":68}},"type":"binary-expr","locations":[{"start":{"line":76,"column":19},"end":{"line":76,"column":56}},{"start":{"line":76,"column":60},"end":{"line":76,"column":68}}],"line":76},"9":{"loc":{"start":{"line":90,"column":11},"end":{"line":90,"column":67}},"type":"cond-expr","locations":[{"start":{"line":90,"column":15},"end":{"line":90,"column":41}},{"start":{"line":90,"column":44},"end":{"line":90,"column":67}}],"line":90}},"s":{"0":1,"1":1,"2":1,"3":1,"4":1,"5":1,"6":1,"7":1,"8":1,"9":1,"10":1,"11":1,"12":1,"13":1,"14":1,"15":1,"16":1,"17":1,"18":1,"19":1,"20":1,"21":1,"22":8,"23":0,"24":1,"25":1,"26":1,"27":1,"28":1,"29":1,"30":1,"31":0,"32":0,"33":0,"34":0,"35":0,"36":0,"37":0,"38":0,"39":0,"40":0,"41":0,"42":0,"43":0,"44":0,"45":0,"46":0,"47":0,"48":0,"49":0,"50":0,"51":0,"52":0,"53":0,"54":0,"55":0,"56":0,"57":0,"58":0,"59":1,"60":1,"61":1},"f":{"0":8,"1":0,"2":1,"3":0,"4":0,"5":0,"6":0,"7":0,"8":0,"9":0,"10":0,"11":0,"12":1},"b":{"0":[1,1],"1":[1,1],"2":[8,2],"3":[0,0],"4":[0,0],"5":[0,0],"6":[0,0],"7":[0,0],"8":[0,0],"9":[0,0]},"_coverageSchema":"1a1c01bbd47fc00a2c39e90264f33305004495a9","hash":"2e60e071f74ee27d956ba2a3c7957be26c328037"}
,"/Users/it/aegis-os/workflows/chat-page-demo/l3-dev/backend/src/lib/sanitize.js": {"path":"/Users/it/aegis-os/workflows/chat-page-demo/l3-dev/backend/src/lib/sanitize.js","statementMap":{"0":{"start":{"line":1,"column":24},"end":{"line":1,"column":44}},"1":{"start":{"line":2,"column":18},"end":{"line":2,"column":34}},"2":{"start":{"line":4,"column":15},"end":{"line":4,"column":35}},"3":{"start":{"line":5,"column":18},"end":{"line":5,"column":41}},"4":{"start":{"line":8,"column":2},"end":{"line":8,"column":43}},"5":{"start":{"line":8,"column":33},"end":{"line":8,"column":43}},"6":{"start":{"line":10,"column":2},"end":{"line":10,"column":57}},"7":{"start":{"line":13,"column":0},"end":{"line":13,"column":38}}},"fnMap":{"0":{"name":"sanitizeMarkdown","decl":{"start":{"line":7,"column":9},"end":{"line":7,"column":25}},"loc":{"start":{"line":7,"column":33},"end":{"line":11,"column":1}},"line":7}},"branchMap":{"0":{"loc":{"start":{"line":8,"column":2},"end":{"line":8,"column":43}},"type":"if","locations":[{"start":{"line":8,"column":2},"end":{"line":8,"column":43}},{"start":{},"end":{}}],"line":8}},"s":{"0":1,"1":1,"2":1,"3":1,"4":2,"5":0,"6":2,"7":1},"f":{"0":2},"b":{"0":[0,2]},"_coverageSchema":"1a1c01bbd47fc00a2c39e90264f33305004495a9","hash":"8fa7e96f61d04f9676d08e86840d80863777c17b"}
,"/Users/it/aegis-os/workflows/chat-page-demo/l3-dev/backend/src/lib/store.js": {"path":"/Users/it/aegis-os/workflows/chat-page-demo/l3-dev/backend/src/lib/store.js","statementMap":{"0":{"start":{"line":6,"column":23},"end":{"line":6,"column":38}},"1":{"start":{"line":10,"column":4},"end":{"line":10,"column":27}},"2":{"start":{"line":11,"column":4},"end":{"line":11,"column":35}},"3":{"start":{"line":12,"column":4},"end":{"line":12,"column":30}},"4":{"start":{"line":13,"column":4},"end":{"line":13,"column":31}},"5":{"start":{"line":14,"column":4},"end":{"line":14,"column":28}},"6":{"start":{"line":17,"column":24},"end":{"line":22,"column":5}},"7":{"start":{"line":23,"column":4},"end":{"line":23,"column":48}},"8":{"start":{"line":25,"column":24},"end":{"line":30,"column":5}},"9":{"start":{"line":31,"column":4},"end":{"line":31,"column":56}},"10":{"start":{"line":33,"column":23},"end":{"line":41,"column":5}},"11":{"start":{"line":42,"column":4},"end":{"line":42,"column":49}},"12":{"start":{"line":47,"column":4},"end":{"line":47,"column":43}},"13":{"start":{"line":51,"column":4},"end":{"line":51,"column":38}},"14":{"start":{"line":55,"column":17},"end":{"line":60,"column":5}},"15":{"start":{"line":61,"column":4},"end":{"line":61,"column":34}},"16":{"start":{"line":62,"column":4},"end":{"line":62,"column":16}},"17":{"start":{"line":67,"column":4},"end":{"line":69,"column":6}},"18":{"start":{"line":68,"column":16},"end":{"line":68,"column":61}},"19":{"start":{"line":73,"column":4},"end":{"line":73,"column":46}},"20":{"start":{"line":77,"column":17},"end":{"line":82,"column":5}},"21":{"start":{"line":83,"column":4},"end":{"line":83,"column":42}},"22":{"start":{"line":84,"column":4},"end":{"line":84,"column":16}},"23":{"start":{"line":88,"column":17},"end":{"line":88,"column":43}},"24":{"start":{"line":89,"column":4},"end":{"line":91,"column":5}},"25":{"start":{"line":90,"column":6},"end":{"line":90,"column":48}},"26":{"start":{"line":96,"column":16},"end":{"line":98,"column":5}},"27":{"start":{"line":97,"column":13},"end":{"line":97,"column":48}},"28":{"start":{"line":99,"column":4},"end":{"line":99,"column":70}},"29":{"start":{"line":99,"column":23},"end":{"line":99,"column":68}},"30":{"start":{"line":101,"column":21},"end":{"line":101,"column":22}},"31":{"start":{"line":102,"column":4},"end":{"line":105,"column":5}},"32":{"start":{"line":103,"column":18},"end":{"line":103,"column":55}},"33":{"start":{"line":103,"column":39},"end":{"line":103,"column":54}},"34":{"start":{"line":104,"column":6},"end":{"line":104,"column":43}},"35":{"start":{"line":104,"column":22},"end":{"line":104,"column":43}},"36":{"start":{"line":107,"column":17},"end":{"line":107,"column":58}},"37":{"start":{"line":109,"column":6},"end":{"line":109,"column":80}},"38":{"start":{"line":111,"column":4},"end":{"line":111,"column":42}},"39":{"start":{"line":115,"column":4},"end":{"line":115,"column":41}},"40":{"start":{"line":119,"column":16},"end":{"line":121,"column":5}},"41":{"start":{"line":120,"column":13},"end":{"line":120,"column":36}},"42":{"start":{"line":122,"column":4},"end":{"line":122,"column":70}},"43":{"start":{"line":122,"column":23},"end":{"line":122,"column":68}},"44":{"start":{"line":123,"column":4},"end":{"line":123,"column":15}},"45":{"start":{"line":127,"column":16},"end":{"line":135,"column":5}},"46":{"start":{"line":136,"column":4},"end":{"line":136,"column":35}},"47":{"start":{"line":137,"column":4},"end":{"line":137,"column":48}},"48":{"start":{"line":138,"column":4},"end":{"line":138,"column":15}},"49":{"start":{"line":142,"column":16},"end":{"line":142,"column":37}},"50":{"start":{"line":143,"column":4},"end":{"line":143,"column":26}},"51":{"start":{"line":143,"column":14},"end":{"line":143,"column":26}},"52":{"start":{"line":144,"column":4},"end":{"line":144,"column":32}},"53":{"start":{"line":145,"column":4},"end":{"line":145,"column":15}},"54":{"start":{"line":150,"column":4},"end":{"line":152,"column":6}},"55":{"start":{"line":151,"column":13},"end":{"line":151,"column":38}},"56":{"start":{"line":156,"column":21},"end":{"line":158,"column":5}},"57":{"start":{"line":157,"column":13},"end":{"line":157,"column":82}},"58":{"start":{"line":159,"column":4},"end":{"line":159,"column":34}},"59":{"start":{"line":159,"column":18},"end":{"line":159,"column":34}},"60":{"start":{"line":162,"column":20},"end":{"line":162,"column":58}},"61":{"start":{"line":163,"column":4},"end":{"line":167,"column":5}},"62":{"start":{"line":164,"column":18},"end":{"line":164,"column":58}},"63":{"start":{"line":165,"column":6},"end":{"line":165,"column":34}},"64":{"start":{"line":166,"column":6},"end":{"line":166,"column":16}},"65":{"start":{"line":169,"column":21},"end":{"line":175,"column":5}},"66":{"start":{"line":176,"column":4},"end":{"line":176,"column":46}},"67":{"start":{"line":177,"column":4},"end":{"line":177,"column":20}},"68":{"start":{"line":181,"column":16},"end":{"line":183,"column":9}},"69":{"start":{"line":182,"column":13},"end":{"line":182,"column":82}},"70":{"start":{"line":184,"column":4},"end":{"line":187,"column":5}},"71":{"start":{"line":185,"column":6},"end":{"line":185,"column":33}},"72":{"start":{"line":186,"column":6},"end":{"line":186,"column":18}},"73":{"start":{"line":188,"column":4},"end":{"line":188,"column":17}},"74":{"start":{"line":193,"column":14},"end":{"line":193,"column":33}},"75":{"start":{"line":194,"column":20},"end":{"line":196,"column":5}},"76":{"start":{"line":195,"column":13},"end":{"line":195,"column":87}},"77":{"start":{"line":197,"column":4},"end":{"line":197,"column":74}},"78":{"start":{"line":197,"column":27},"end":{"line":197,"column":72}},"79":{"start":{"line":198,"column":4},"end":{"line":201,"column":8}},"80":{"start":{"line":198,"column":31},"end":{"line":201,"column":5}},"81":{"start":{"line":206,"column":4},"end":{"line":208,"column":5}},"82":{"start":{"line":207,"column":6},"end":{"line":207,"column":49}},"83":{"start":{"line":209,"column":17},"end":{"line":209,"column":48}},"84":{"start":{"line":210,"column":4},"end":{"line":212,"column":5}},"85":{"start":{"line":211,"column":6},"end":{"line":211,"column":37}},"86":{"start":{"line":213,"column":14},"end":{"line":216,"column":13}},"87":{"start":{"line":214,"column":6},"end":{"line":214,"column":26}},"88":{"start":{"line":215,"column":6},"end":{"line":215,"column":11}},"89":{"start":{"line":217,"column":4},"end":{"line":217,"column":24}},"90":{"start":{"line":221,"column":17},"end":{"line":221,"column":48}},"91":{"start":{"line":222,"column":4},"end":{"line":225,"column":5}},"92":{"start":{"line":223,"column":6},"end":{"line":223,"column":37}},"93":{"start":{"line":224,"column":6},"end":{"line":224,"column":26}},"94":{"start":{"line":229,"column":17},"end":{"line":229,"column":48}},"95":{"start":{"line":230,"column":4},"end":{"line":230,"column":25}},"96":{"start":{"line":230,"column":15},"end":{"line":230,"column":25}},"97":{"start":{"line":231,"column":4},"end":{"line":231,"column":35}},"98":{"start":{"line":235,"column":0},"end":{"line":235,"column":40}}},"fnMap":{"0":{"name":"(anonymous_0)","decl":{"start":{"line":9,"column":2},"end":{"line":9,"column":3}},"loc":{"start":{"line":9,"column":16},"end":{"line":43,"column":3}},"line":9},"1":{"name":"(anonymous_1)","decl":{"start":{"line":46,"column":2},"end":{"line":46,"column":3}},"loc":{"start":{"line":46,"column":13},"end":{"line":48,"column":3}},"line":46},"2":{"name":"(anonymous_2)","decl":{"start":{"line":50,"column":2},"end":{"line":50,"column":3}},"loc":{"start":{"line":50,"column":18},"end":{"line":52,"column":3}},"line":50},"3":{"name":"(anonymous_3)","decl":{"start":{"line":54,"column":2},"end":{"line":54,"column":3}},"loc":{"start":{"line":54,"column":19},"end":{"line":63,"column":3}},"line":54},"4":{"name":"(anonymous_4)","decl":{"start":{"line":66,"column":2},"end":{"line":66,"column":3}},"loc":{"start":{"line":66,"column":21},"end":{"line":70,"column":3}},"line":66},"5":{"name":"(anonymous_5)","decl":{"start":{"line":68,"column":6},"end":{"line":68,"column":7}},"loc":{"start":{"line":68,"column":16},"end":{"line":68,"column":61}},"line":68},"6":{"name":"(anonymous_6)","decl":{"start":{"line":72,"column":2},"end":{"line":72,"column":3}},"loc":{"start":{"line":72,"column":26},"end":{"line":74,"column":3}},"line":72},"7":{"name":"(anonymous_7)","decl":{"start":{"line":76,"column":2},"end":{"line":76,"column":3}},"loc":{"start":{"line":76,"column":27},"end":{"line":85,"column":3}},"line":76},"8":{"name":"(anonymous_8)","decl":{"start":{"line":87,"column":2},"end":{"line":87,"column":3}},"loc":{"start":{"line":87,"column":24},"end":{"line":92,"column":3}},"line":87},"9":{"name":"(anonymous_9)","decl":{"start":{"line":95,"column":2},"end":{"line":95,"column":3}},"loc":{"start":{"line":95,"column":72},"end":{"line":112,"column":3}},"line":95},"10":{"name":"(anonymous_10)","decl":{"start":{"line":97,"column":6},"end":{"line":97,"column":7}},"loc":{"start":{"line":97,"column":13},"end":{"line":97,"column":48}},"line":97},"11":{"name":"(anonymous_11)","decl":{"start":{"line":99,"column":13},"end":{"line":99,"column":14}},"loc":{"start":{"line":99,"column":23},"end":{"line":99,"column":68}},"line":99},"12":{"name":"(anonymous_12)","decl":{"start":{"line":103,"column":32},"end":{"line":103,"column":33}},"loc":{"start":{"line":103,"column":39},"end":{"line":103,"column":54}},"line":103},"13":{"name":"(anonymous_13)","decl":{"start":{"line":114,"column":2},"end":{"line":114,"column":3}},"loc":{"start":{"line":114,"column":21},"end":{"line":116,"column":3}},"line":114},"14":{"name":"(anonymous_14)","decl":{"start":{"line":118,"column":2},"end":{"line":118,"column":3}},"loc":{"start":{"line":118,"column":29},"end":{"line":124,"column":3}},"line":118},"15":{"name":"(anonymous_15)","decl":{"start":{"line":120,"column":6},"end":{"line":120,"column":7}},"loc":{"start":{"line":120,"column":13},"end":{"line":120,"column":36}},"line":120},"16":{"name":"(anonymous_16)","decl":{"start":{"line":122,"column":13},"end":{"line":122,"column":14}},"loc":{"start":{"line":122,"column":23},"end":{"line":122,"column":68}},"line":122},"17":{"name":"(anonymous_17)","decl":{"start":{"line":126,"column":2},"end":{"line":126,"column":3}},"loc":{"start":{"line":126,"column":22},"end":{"line":139,"column":3}},"line":126},"18":{"name":"(anonymous_18)","decl":{"start":{"line":141,"column":2},"end":{"line":141,"column":3}},"loc":{"start":{"line":141,"column":29},"end":{"line":146,"column":3}},"line":141},"19":{"name":"(anonymous_19)","decl":{"start":{"line":149,"column":2},"end":{"line":149,"column":3}},"loc":{"start":{"line":149,"column":36},"end":{"line":153,"column":3}},"line":149},"20":{"name":"(anonymous_20)","decl":{"start":{"line":151,"column":6},"end":{"line":151,"column":7}},"loc":{"start":{"line":151,"column":13},"end":{"line":151,"column":38}},"line":151},"21":{"name":"(anonymous_21)","decl":{"start":{"line":155,"column":2},"end":{"line":155,"column":3}},"loc":{"start":{"line":155,"column":40},"end":{"line":178,"column":3}},"line":155},"22":{"name":"(anonymous_22)","decl":{"start":{"line":157,"column":6},"end":{"line":157,"column":7}},"loc":{"start":{"line":157,"column":13},"end":{"line":157,"column":82}},"line":157},"23":{"name":"(anonymous_23)","decl":{"start":{"line":180,"column":2},"end":{"line":180,"column":3}},"loc":{"start":{"line":180,"column":43},"end":{"line":189,"column":3}},"line":180},"24":{"name":"(anonymous_24)","decl":{"start":{"line":182,"column":6},"end":{"line":182,"column":7}},"loc":{"start":{"line":182,"column":13},"end":{"line":182,"column":82}},"line":182},"25":{"name":"(anonymous_25)","decl":{"start":{"line":192,"column":2},"end":{"line":192,"column":3}},"loc":{"start":{"line":192,"column":40},"end":{"line":202,"column":3}},"line":192},"26":{"name":"(anonymous_26)","decl":{"start":{"line":195,"column":6},"end":{"line":195,"column":7}},"loc":{"start":{"line":195,"column":13},"end":{"line":195,"column":87}},"line":195},"27":{"name":"(anonymous_27)","decl":{"start":{"line":197,"column":17},"end":{"line":197,"column":18}},"loc":{"start":{"line":197,"column":27},"end":{"line":197,"column":72}},"line":197},"28":{"name":"(anonymous_28)","decl":{"start":{"line":198,"column":23},"end":{"line":198,"column":24}},"loc":{"start":{"line":198,"column":31},"end":{"line":201,"column":5}},"line":198},"29":{"name":"(anonymous_29)","decl":{"start":{"line":205,"column":2},"end":{"line":205,"column":3}},"loc":{"start":{"line":205,"column":54},"end":{"line":218,"column":3}},"line":205},"30":{"name":"(anonymous_30)","decl":{"start":{"line":213,"column":25},"end":{"line":213,"column":26}},"loc":{"start":{"line":213,"column":31},"end":{"line":216,"column":5}},"line":213},"31":{"name":"(anonymous_31)","decl":{"start":{"line":220,"column":2},"end":{"line":220,"column":3}},"loc":{"start":{"line":220,"column":38},"end":{"line":226,"column":3}},"line":220},"32":{"name":"(anonymous_32)","decl":{"start":{"line":228,"column":2},"end":{"line":228,"column":3}},"loc":{"start":{"line":228,"column":33},"end":{"line":232,"column":3}},"line":228}},"branchMap":{"0":{"loc":{"start":{"line":51,"column":11},"end":{"line":51,"column":37}},"type":"binary-expr","locations":[{"start":{"line":51,"column":11},"end":{"line":51,"column":29}},{"start":{"line":51,"column":33},"end":{"line":51,"column":37}}],"line":51},"1":{"loc":{"start":{"line":57,"column":12},"end":{"line":57,"column":36}},"type":"binary-expr","locations":[{"start":{"line":57,"column":12},"end":{"line":57,"column":21}},{"start":{"line":57,"column":25},"end":{"line":57,"column":36}}],"line":57},"2":{"loc":{"start":{"line":58,"column":17},"end":{"line":58,"column":39}},"type":"binary-expr","locations":[{"start":{"line":58,"column":17},"end":{"line":58,"column":31}},{"start":{"line":58,"column":35},"end":{"line":58,"column":39}}],"line":58},"3":{"loc":{"start":{"line":73,"column":11},"end":{"line":73,"column":45}},"type":"binary-expr","locations":[{"start":{"line":73,"column":11},"end":{"line":73,"column":37}},{"start":{"line":73,"column":41},"end":{"line":73,"column":45}}],"line":73},"4":{"loc":{"start":{"line":79,"column":13},"end":{"line":79,"column":37}},"type":"binary-expr","locations":[{"start":{"line":79,"column":13},"end":{"line":79,"column":23}},{"start":{"line":79,"column":27},"end":{"line":79,"column":37}}],"line":79},"5":{"loc":{"start":{"line":89,"column":4},"end":{"line":91,"column":5}},"type":"if","locations":[{"start":{"line":89,"column":4},"end":{"line":91,"column":5}},{"start":{},"end":{}}],"line":89},"6":{"loc":{"start":{"line":95,"column":45},"end":{"line":95,"column":58}},"type":"default-arg","locations":[{"start":{"line":95,"column":54},"end":{"line":95,"column":58}}],"line":95},"7":{"loc":{"start":{"line":95,"column":60},"end":{"line":95,"column":70}},"type":"default-arg","locations":[{"start":{"line":95,"column":68},"end":{"line":95,"column":70}}],"line":95},"8":{"loc":{"start":{"line":102,"column":4},"end":{"line":105,"column":5}},"type":"if","locations":[{"start":{"line":102,"column":4},"end":{"line":105,"column":5}},{"start":{},"end":{}}],"line":102},"9":{"loc":{"start":{"line":104,"column":6},"end":{"line":104,"column":43}},"type":"if","locations":[{"start":{"line":104,"column":6},"end":{"line":104,"column":43}},{"start":{},"end":{}}],"line":104},"10":{"loc":{"start":{"line":109,"column":6},"end":{"line":109,"column":80}},"type":"cond-expr","locations":[{"start":{"line":109,"column":40},"end":{"line":109,"column":73}},{"start":{"line":109,"column":76},"end":{"line":109,"column":80}}],"line":109},"11":{"loc":{"start":{"line":109,"column":40},"end":{"line":109,"column":73}},"type":"binary-expr","locations":[{"start":{"line":109,"column":40},"end":{"line":109,"column":65}},{"start":{"line":109,"column":69},"end":{"line":109,"column":73}}],"line":109},"12":{"loc":{"start":{"line":115,"column":11},"end":{"line":115,"column":40}},"type":"binary-expr","locations":[{"start":{"line":115,"column":11},"end":{"line":115,"column":32}},{"start":{"line":115,"column":36},"end":{"line":115,"column":40}}],"line":115},"13":{"loc":{"start":{"line":130,"column":16},"end":{"line":130,"column":37}},"type":"binary-expr","locations":[{"start":{"line":130,"column":16},"end":{"line":130,"column":29}},{"start":{"line":130,"column":33},"end":{"line":130,"column":37}}],"line":130},"14":{"loc":{"start":{"line":134,"column":14},"end":{"line":134,"column":35}},"type":"binary-expr","locations":[{"start":{"line":134,"column":14},"end":{"line":134,"column":25}},{"start":{"line":134,"column":29},"end":{"line":134,"column":35}}],"line":134},"15":{"loc":{"start":{"line":143,"column":4},"end":{"line":143,"column":26}},"type":"if","locations":[{"start":{"line":143,"column":4},"end":{"line":143,"column":26}},{"start":{},"end":{}}],"line":143},"16":{"loc":{"start":{"line":157,"column":13},"end":{"line":157,"column":82}},"type":"binary-expr","locations":[{"start":{"line":157,"column":13},"end":{"line":157,"column":38}},{"start":{"line":157,"column":42},"end":{"line":157,"column":61}},{"start":{"line":157,"column":65},"end":{"line":157,"column":82}}],"line":157},"17":{"loc":{"start":{"line":159,"column":4},"end":{"line":159,"column":34}},"type":"if","locations":[{"start":{"line":159,"column":4},"end":{"line":159,"column":34}},{"start":{},"end":{}}],"line":159},"18":{"loc":{"start":{"line":163,"column":4},"end":{"line":167,"column":5}},"type":"if","locations":[{"start":{"line":163,"column":4},"end":{"line":167,"column":5}},{"start":{},"end":{}}],"line":163},"19":{"loc":{"start":{"line":182,"column":13},"end":{"line":182,"column":82}},"type":"binary-expr","locations":[{"start":{"line":182,"column":13},"end":{"line":182,"column":38}},{"start":{"line":182,"column":42},"end":{"line":182,"column":61}},{"start":{"line":182,"column":65},"end":{"line":182,"column":82}}],"line":182},"20":{"loc":{"start":{"line":184,"column":4},"end":{"line":187,"column":5}},"type":"if","locations":[{"start":{"line":184,"column":4},"end":{"line":187,"column":5}},{"start":{},"end":{}}],"line":184},"21":{"loc":{"start":{"line":195,"column":13},"end":{"line":195,"column":87}},"type":"binary-expr","locations":[{"start":{"line":195,"column":13},"end":{"line":195,"column":48}},{"start":{"line":195,"column":52},"end":{"line":195,"column":87}}],"line":195},"22":{"loc":{"start":{"line":205,"column":40},"end":{"line":205,"column":52}},"type":"default-arg","locations":[{"start":{"line":205,"column":48},"end":{"line":205,"column":52}}],"line":205},"23":{"loc":{"start":{"line":206,"column":4},"end":{"line":208,"column":5}},"type":"if","locations":[{"start":{"line":206,"column":4},"end":{"line":208,"column":5}},{"start":{},"end":{}}],"line":206},"24":{"loc":{"start":{"line":210,"column":4},"end":{"line":212,"column":5}},"type":"if","locations":[{"start":{"line":210,"column":4},"end":{"line":212,"column":5}},{"start":{},"end":{}}],"line":210},"25":{"loc":{"start":{"line":222,"column":4},"end":{"line":225,"column":5}},"type":"if","locations":[{"start":{"line":222,"column":4},"end":{"line":225,"column":5}},{"start":{},"end":{}}],"line":222},"26":{"loc":{"start":{"line":222,"column":8},"end":{"line":222,"column":32}},"type":"binary-expr","locations":[{"start":{"line":222,"column":8},"end":{"line":222,"column":12}},{"start":{"line":222,"column":16},"end":{"line":222,"column":32}}],"line":222},"27":{"loc":{"start":{"line":230,"column":4},"end":{"line":230,"column":25}},"type":"if","locations":[{"start":{"line":230,"column":4},"end":{"line":230,"column":25}},{"start":{},"end":{}}],"line":230}},"s":{"0":2,"1":2,"2":2,"3":2,"4":2,"5":2,"6":2,"7":2,"8":2,"9":2,"10":2,"11":2,"12":0,"13":10,"14":0,"15":0,"16":0,"17":12,"18":0,"19":6,"20":0,"21":0,"22":0,"23":9,"24":9,"25":9,"26":1,"27":1,"28":1,"29":0,"30":1,"31":1,"32":0,"33":0,"34":0,"35":0,"36":1,"37":1,"38":1,"39":6,"40":1,"41":7,"42":1,"43":0,"44":1,"45":9,"46":9,"47":9,"48":9,"49":0,"50":0,"51":0,"52":0,"53":0,"54":8,"55":5,"56":2,"57":1,"58":2,"59":0,"60":2,"61":2,"62":0,"63":0,"64":0,"65":2,"66":2,"67":2,"68":1,"69":2,"70":1,"71":1,"72":1,"73":0,"74":1,"75":1,"76":1,"77":1,"78":0,"79":1,"80":1,"81":2,"82":1,"83":2,"84":2,"85":1,"86":2,"87":0,"88":0,"89":2,"90":1,"91":1,"92":1,"93":1,"94":3,"95":3,"96":0,"97":3,"98":2},"f":{"0":2,"1":0,"2":10,"3":0,"4":12,"5":0,"6":6,"7":0,"8":9,"9":1,"10":1,"11":0,"12":0,"13":6,"14":1,"15":7,"16":0,"17":9,"18":0,"19":8,"20":5,"21":2,"22":1,"23":1,"24":2,"25":1,"26":1,"27":0,"28":1,"29":2,"30":0,"31":1,"32":3},"b":{"0":[10,0],"1":[0,0],"2":[0,0],"3":[6,0],"4":[0,0],"5":[9,0],"6":[0],"7":[0],"8":[0,1],"9":[0,0],"10":[0,1],"11":[0,0],"12":[6,0],"13":[9,7],"14":[9,0],"15":[0,0],"16":[1,0,0],"17":[0,2],"18":[0,2],"19":[2,1,1],"20":[1,0],"21":[1,1],"22":[2],"23":[1,1],"24":[1,1],"25":[1,0],"26":[1,1],"27":[0,3]},"_coverageSchema":"1a1c01bbd47fc00a2c39e90264f33305004495a9","hash":"71bba7f673522bdcc55deee4a0efe839cd21566d"}
,"/Users/it/aegis-os/workflows/chat-page-demo/l3-dev/backend/src/lib/validators.js": {"path":"/Users/it/aegis-os/workflows/chat-page-demo/l3-dev/backend/src/lib/validators.js","statementMap":{"0":{"start":{"line":1,"column":14},"end":{"line":1,"column":28}},"1":{"start":{"line":3,"column":28},"end":{"line":7,"column":2}},"2":{"start":{"line":9,"column":23},"end":{"line":11,"column":2}},"3":{"start":{"line":13,"column":0},"end":{"line":16,"column":2}}},"fnMap":{},"branchMap":{},"s":{"0":1,"1":1,"2":1,"3":1},"f":{},"b":{},"_coverageSchema":"1a1c01bbd47fc00a2c39e90264f33305004495a9","hash":"2cb0527a8dbe0bab03a964c3b7d3a21e601319a8"}
,"/Users/it/aegis-os/workflows/chat-page-demo/l3-dev/backend/src/routes/ai.js": {"path":"/Users/it/aegis-os/workflows/chat-page-demo/l3-dev/backend/src/routes/ai.js","statementMap":{"0":{"start":{"line":1,"column":16},"end":{"line":1,"column":34}},"1":{"start":{"line":2,"column":18},"end":{"line":2,"column":41}},"2":{"start":{"line":3,"column":23},"end":{"line":3,"column":38}},"3":{"start":{"line":5,"column":15},"end":{"line":5,"column":31}},"4":{"start":{"line":8,"column":2},"end":{"line":8,"column":46}},"5":{"start":{"line":11,"column":0},"end":{"line":75,"column":3}},"6":{"start":{"line":12,"column":29},"end":{"line":12,"column":38}},"7":{"start":{"line":13,"column":2},"end":{"line":15,"column":3}},"8":{"start":{"line":14,"column":4},"end":{"line":14,"column":73}},"9":{"start":{"line":16,"column":15},"end":{"line":16,"column":56}},"10":{"start":{"line":17,"column":2},"end":{"line":17,"column":78}},"11":{"start":{"line":17,"column":13},"end":{"line":17,"column":78}},"12":{"start":{"line":19,"column":2},"end":{"line":19,"column":53}},"13":{"start":{"line":20,"column":2},"end":{"line":20,"column":45}},"14":{"start":{"line":21,"column":2},"end":{"line":21,"column":44}},"15":{"start":{"line":23,"column":17},"end":{"line":38,"column":3}},"16":{"start":{"line":40,"column":14},"end":{"line":40,"column":15}},"17":{"start":{"line":41,"column":19},"end":{"line":70,"column":9}},"18":{"start":{"line":42,"column":4},"end":{"line":67,"column":5}},"19":{"start":{"line":43,"column":26},"end":{"line":43,"column":34}},"20":{"start":{"line":44,"column":21},"end":{"line":44,"column":48}},"21":{"start":{"line":45,"column":18},"end":{"line":51,"column":8}},"22":{"start":{"line":53,"column":23},"end":{"line":59,"column":7}},"23":{"start":{"line":61,"column":6},"end":{"line":61,"column":77}},"24":{"start":{"line":63,"column":6},"end":{"line":63,"column":82}},"25":{"start":{"line":64,"column":6},"end":{"line":64,"column":30}},"26":{"start":{"line":65,"column":6},"end":{"line":65,"column":16}},"27":{"start":{"line":66,"column":6},"end":{"line":66,"column":13}},"28":{"start":{"line":68,"column":4},"end":{"line":68,"column":71}},"29":{"start":{"line":69,"column":4},"end":{"line":69,"column":15}},"30":{"start":{"line":72,"column":2},"end":{"line":74,"column":5}},"31":{"start":{"line":73,"column":4},"end":{"line":73,"column":28}},"32":{"start":{"line":77,"column":0},"end":{"line":77,"column":24}}},"fnMap":{"0":{"name":"getCurrentUserId","decl":{"start":{"line":7,"column":9},"end":{"line":7,"column":25}},"loc":{"start":{"line":7,"column":31},"end":{"line":9,"column":1}},"line":7},"1":{"name":"(anonymous_1)","decl":{"start":{"line":11,"column":22},"end":{"line":11,"column":23}},"loc":{"start":{"line":11,"column":36},"end":{"line":75,"column":1}},"line":11},"2":{"name":"(anonymous_2)","decl":{"start":{"line":41,"column":31},"end":{"line":41,"column":32}},"loc":{"start":{"line":41,"column":37},"end":{"line":70,"column":3}},"line":41},"3":{"name":"(anonymous_3)","decl":{"start":{"line":72,"column":18},"end":{"line":72,"column":19}},"loc":{"start":{"line":72,"column":24},"end":{"line":74,"column":3}},"line":72}},"branchMap":{"0":{"loc":{"start":{"line":8,"column":9},"end":{"line":8,"column":45}},"type":"binary-expr","locations":[{"start":{"line":8,"column":9},"end":{"line":8,"column":33}},{"start":{"line":8,"column":37},"end":{"line":8,"column":45}}],"line":8},"1":{"loc":{"start":{"line":13,"column":2},"end":{"line":15,"column":3}},"type":"if","locations":[{"start":{"line":13,"column":2},"end":{"line":15,"column":3}},{"start":{},"end":{}}],"line":13},"2":{"loc":{"start":{"line":17,"column":2},"end":{"line":17,"column":78}},"type":"if","locations":[{"start":{"line":17,"column":2},"end":{"line":17,"column":78}},{"start":{},"end":{}}],"line":17},"3":{"loc":{"start":{"line":42,"column":4},"end":{"line":67,"column":5}},"type":"if","locations":[{"start":{"line":42,"column":4},"end":{"line":67,"column":5}},{"start":{},"end":{}}],"line":42},"4":{"loc":{"start":{"line":55,"column":16},"end":{"line":57,"column":67}},"type":"cond-expr","locations":[{"start":{"line":56,"column":12},"end":{"line":56,"column":80}},{"start":{"line":57,"column":12},"end":{"line":57,"column":67}}],"line":55}},"s":{"0":1,"1":1,"2":1,"3":1,"4":0,"5":1,"6":2,"7":2,"8":1,"9":1,"10":1,"11":0,"12":1,"13":1,"14":1,"15":1,"16":1,"17":1,"18":15,"19":1,"20":1,"21":1,"22":1,"23":1,"24":1,"25":1,"26":1,"27":1,"28":14,"29":14,"30":1,"31":1,"32":1},"f":{"0":0,"1":2,"2":15,"3":1},"b":{"0":[0,0],"1":[1,1],"2":[0,1],"3":[1,14],"4":[1,0]},"_coverageSchema":"1a1c01bbd47fc00a2c39e90264f33305004495a9","hash":"6fd3cfd731e1836b7b2984467b3320692b1c68a0"}
,"/Users/it/aegis-os/workflows/chat-page-demo/l3-dev/backend/src/routes/conversations.js": {"path":"/Users/it/aegis-os/workflows/chat-page-demo/l3-dev/backend/src/routes/conversations.js","statementMap":{"0":{"start":{"line":1,"column":16},"end":{"line":1,"column":34}},"1":{"start":{"line":2,"column":18},"end":{"line":2,"column":41}},"2":{"start":{"line":4,"column":15},"end":{"line":4,"column":31}},"3":{"start":{"line":7,"column":19},"end":{"line":9,"column":3}},"4":{"start":{"line":8,"column":11},"end":{"line":8,"column":39}},"5":{"start":{"line":10,"column":24},"end":{"line":12,"column":20}},"6":{"start":{"line":11,"column":30},"end":{"line":11,"column":75}},"7":{"start":{"line":13,"column":2},"end":{"line":18,"column":4}},"8":{"start":{"line":21,"column":0},"end":{"line":24,"column":3}},"9":{"start":{"line":22,"column":24},"end":{"line":22,"column":72}},"10":{"start":{"line":23,"column":2},"end":{"line":23,"column":30}},"11":{"start":{"line":26,"column":0},"end":{"line":30,"column":3}},"12":{"start":{"line":27,"column":15},"end":{"line":27,"column":55}},"13":{"start":{"line":28,"column":2},"end":{"line":28,"column":78}},"14":{"start":{"line":28,"column":13},"end":{"line":28,"column":78}},"15":{"start":{"line":29,"column":2},"end":{"line":29,"column":55}},"16":{"start":{"line":32,"column":0},"end":{"line":64,"column":3}},"17":{"start":{"line":33,"column":17},"end":{"line":33,"column":27}},"18":{"start":{"line":34,"column":17},"end":{"line":34,"column":41}},"19":{"start":{"line":35,"column":16},"end":{"line":35,"column":68}},"20":{"start":{"line":36,"column":15},"end":{"line":36,"column":44}},"21":{"start":{"line":37,"column":2},"end":{"line":37,"column":78}},"22":{"start":{"line":37,"column":13},"end":{"line":37,"column":78}},"23":{"start":{"line":39,"column":35},"end":{"line":39,"column":86}},"24":{"start":{"line":41,"column":19},"end":{"line":61,"column":4}},"25":{"start":{"line":42,"column":19},"end":{"line":42,"column":48}},"26":{"start":{"line":43,"column":22},"end":{"line":43,"column":56}},"27":{"start":{"line":44,"column":20},"end":{"line":53,"column":10}},"28":{"start":{"line":45,"column":23},"end":{"line":45,"column":59}},"29":{"start":{"line":45,"column":39},"end":{"line":45,"column":58}},"30":{"start":{"line":46,"column":6},"end":{"line":51,"column":7}},"31":{"start":{"line":47,"column":8},"end":{"line":47,"column":28}},"32":{"start":{"line":48,"column":8},"end":{"line":48,"column":40}},"33":{"start":{"line":50,"column":8},"end":{"line":50,"column":68}},"34":{"start":{"line":52,"column":6},"end":{"line":52,"column":17}},"35":{"start":{"line":54,"column":4},"end":{"line":60,"column":6}},"36":{"start":{"line":63,"column":2},"end":{"line":63,"column":47}},"37":{"start":{"line":66,"column":0},"end":{"line":74,"column":3}},"38":{"start":{"line":67,"column":17},"end":{"line":67,"column":27}},"39":{"start":{"line":68,"column":12},"end":{"line":68,"column":29}},"40":{"start":{"line":69,"column":2},"end":{"line":69,"column":50}},"41":{"start":{"line":69,"column":17},"end":{"line":69,"column":50}},"42":{"start":{"line":70,"column":15},"end":{"line":70,"column":44}},"43":{"start":{"line":71,"column":2},"end":{"line":71,"column":78}},"44":{"start":{"line":71,"column":13},"end":{"line":71,"column":78}},"45":{"start":{"line":72,"column":18},"end":{"line":72,"column":52}},"46":{"start":{"line":73,"column":2},"end":{"line":73,"column":24}},"47":{"start":{"line":76,"column":0},"end":{"line":76,"column":24}}},"fnMap":{"0":{"name":"enrichConversation","decl":{"start":{"line":6,"column":9},"end":{"line":6,"column":27}},"loc":{"start":{"line":6,"column":34},"end":{"line":19,"column":1}},"line":6},"1":{"name":"(anonymous_1)","decl":{"start":{"line":8,"column":4},"end":{"line":8,"column":5}},"loc":{"start":{"line":8,"column":11},"end":{"line":8,"column":39}},"line":8},"2":{"name":"(anonymous_2)","decl":{"start":{"line":11,"column":20},"end":{"line":11,"column":21}},"loc":{"start":{"line":11,"column":30},"end":{"line":11,"column":75}},"line":11},"3":{"name":"(anonymous_3)","decl":{"start":{"line":21,"column":16},"end":{"line":21,"column":17}},"loc":{"start":{"line":21,"column":31},"end":{"line":24,"column":1}},"line":21},"4":{"name":"(anonymous_4)","decl":{"start":{"line":26,"column":19},"end":{"line":26,"column":20}},"loc":{"start":{"line":26,"column":33},"end":{"line":30,"column":1}},"line":26},"5":{"name":"(anonymous_5)","decl":{"start":{"line":32,"column":28},"end":{"line":32,"column":29}},"loc":{"start":{"line":32,"column":42},"end":{"line":64,"column":1}},"line":32},"6":{"name":"(anonymous_6)","decl":{"start":{"line":41,"column":32},"end":{"line":41,"column":33}},"loc":{"start":{"line":41,"column":39},"end":{"line":61,"column":3}},"line":41},"7":{"name":"(anonymous_7)","decl":{"start":{"line":44,"column":37},"end":{"line":44,"column":38}},"loc":{"start":{"line":44,"column":49},"end":{"line":53,"column":5}},"line":44},"8":{"name":"(anonymous_8)","decl":{"start":{"line":45,"column":32},"end":{"line":45,"column":33}},"loc":{"start":{"line":45,"column":39},"end":{"line":45,"column":58}},"line":45},"9":{"name":"(anonymous_9)","decl":{"start":{"line":66,"column":26},"end":{"line":66,"column":27}},"loc":{"start":{"line":66,"column":40},"end":{"line":74,"column":1}},"line":66}},"branchMap":{"0":{"loc":{"start":{"line":10,"column":24},"end":{"line":12,"column":20}},"type":"cond-expr","locations":[{"start":{"line":11,"column":6},"end":{"line":11,"column":89}},{"start":{"line":12,"column":6},"end":{"line":12,"column":20}}],"line":10},"1":{"loc":{"start":{"line":28,"column":2},"end":{"line":28,"column":78}},"type":"if","locations":[{"start":{"line":28,"column":2},"end":{"line":28,"column":78}},{"start":{},"end":{}}],"line":28},"2":{"loc":{"start":{"line":34,"column":17},"end":{"line":34,"column":41}},"type":"binary-expr","locations":[{"start":{"line":34,"column":17},"end":{"line":34,"column":33}},{"start":{"line":34,"column":37},"end":{"line":34,"column":41}}],"line":34},"3":{"loc":{"start":{"line":35,"column":34},"end":{"line":35,"column":57}},"type":"binary-expr","locations":[{"start":{"line":35,"column":34},"end":{"line":35,"column":49}},{"start":{"line":35,"column":53},"end":{"line":35,"column":57}}],"line":35},"4":{"loc":{"start":{"line":37,"column":2},"end":{"line":37,"column":78}},"type":"if","locations":[{"start":{"line":37,"column":2},"end":{"line":37,"column":78}},{"start":{},"end":{}}],"line":37},"5":{"loc":{"start":{"line":46,"column":6},"end":{"line":51,"column":7}},"type":"if","locations":[{"start":{"line":46,"column":6},"end":{"line":51,"column":7}},{"start":{"line":49,"column":13},"end":{"line":51,"column":7}}],"line":46},"6":{"loc":{"start":{"line":56,"column":14},"end":{"line":58,"column":62}},"type":"cond-expr","locations":[{"start":{"line":57,"column":10},"end":{"line":57,"column":75}},{"start":{"line":58,"column":10},"end":{"line":58,"column":62}}],"line":56},"7":{"loc":{"start":{"line":68,"column":12},"end":{"line":68,"column":29}},"type":"binary-expr","locations":[{"start":{"line":68,"column":12},"end":{"line":68,"column":23}},{"start":{"line":68,"column":27},"end":{"line":68,"column":29}}],"line":68},"8":{"loc":{"start":{"line":69,"column":2},"end":{"line":69,"column":50}},"type":"if","locations":[{"start":{"line":69,"column":2},"end":{"line":69,"column":50}},{"start":{},"end":{}}],"line":69},"9":{"loc":{"start":{"line":71,"column":2},"end":{"line":71,"column":78}},"type":"if","locations":[{"start":{"line":71,"column":2},"end":{"line":71,"column":78}},{"start":{},"end":{}}],"line":71}},"s":{"0":1,"1":1,"2":1,"3":2,"4":2,"5":2,"6":0,"7":2,"8":1,"9":1,"10":1,"11":1,"12":1,"13":1,"14":0,"15":1,"16":1,"17":1,"18":1,"19":1,"20":1,"21":1,"22":0,"23":1,"24":1,"25":1,"26":1,"27":1,"28":0,"29":0,"30":0,"31":0,"32":0,"33":0,"34":0,"35":1,"36":1,"37":1,"38":1,"39":1,"40":1,"41":0,"42":1,"43":1,"44":0,"45":1,"46":1,"47":1},"f":{"0":2,"1":2,"2":0,"3":1,"4":1,"5":1,"6":1,"7":0,"8":0,"9":1},"b":{"0":[2,0],"1":[0,1],"2":[1,1],"3":[1,1],"4":[0,1],"5":[0,0],"6":[1,0],"7":[1,0],"8":[0,1],"9":[0,1]},"_coverageSchema":"1a1c01bbd47fc00a2c39e90264f33305004495a9","hash":"34f3a5643eea6e5290dc7b9286ad6dd17069f849"}
,"/Users/it/aegis-os/workflows/chat-page-demo/l3-dev/backend/src/routes/messages.js": {"path":"/Users/it/aegis-os/workflows/chat-page-demo/l3-dev/backend/src/routes/messages.js","statementMap":{"0":{"start":{"line":1,"column":16},"end":{"line":1,"column":34}},"1":{"start":{"line":2,"column":18},"end":{"line":2,"column":41}},"2":{"start":{"line":3,"column":29},"end":{"line":3,"column":55}},"3":{"start":{"line":4,"column":48},"end":{"line":4,"column":76}},"4":{"start":{"line":6,"column":15},"end":{"line":6,"column":31}},"5":{"start":{"line":10,"column":2},"end":{"line":10,"column":46}},"6":{"start":{"line":13,"column":0},"end":{"line":53,"column":3}},"7":{"start":{"line":14,"column":17},"end":{"line":14,"column":56}},"8":{"start":{"line":15,"column":2},"end":{"line":17,"column":3}},"9":{"start":{"line":16,"column":4},"end":{"line":16,"column":64}},"10":{"start":{"line":19,"column":48},"end":{"line":19,"column":59}},"11":{"start":{"line":20,"column":19},"end":{"line":20,"column":40}},"12":{"start":{"line":22,"column":15},"end":{"line":22,"column":56}},"13":{"start":{"line":23,"column":2},"end":{"line":23,"column":78}},"14":{"start":{"line":23,"column":13},"end":{"line":23,"column":78}},"15":{"start":{"line":25,"column":2},"end":{"line":30,"column":3}},"16":{"start":{"line":26,"column":19},"end":{"line":26,"column":49}},"17":{"start":{"line":27,"column":4},"end":{"line":29,"column":5}},"18":{"start":{"line":28,"column":6},"end":{"line":28,"column":73}},"19":{"start":{"line":32,"column":23},"end":{"line":32,"column":48}},"20":{"start":{"line":33,"column":14},"end":{"line":39,"column":4}},"21":{"start":{"line":41,"column":17},"end":{"line":41,"column":44}},"22":{"start":{"line":42,"column":19},"end":{"line":48,"column":3}},"23":{"start":{"line":50,"column":2},"end":{"line":50,"column":73}},"24":{"start":{"line":52,"column":2},"end":{"line":52,"column":33}},"25":{"start":{"line":55,"column":0},"end":{"line":77,"column":3}},"26":{"start":{"line":56,"column":14},"end":{"line":56,"column":49}},"27":{"start":{"line":57,"column":2},"end":{"line":57,"column":72}},"28":{"start":{"line":57,"column":12},"end":{"line":57,"column":72}},"29":{"start":{"line":58,"column":17},"end":{"line":58,"column":48}},"30":{"start":{"line":59,"column":20},"end":{"line":59,"column":56}},"31":{"start":{"line":60,"column":18},"end":{"line":69,"column":8}},"32":{"start":{"line":61,"column":21},"end":{"line":61,"column":57}},"33":{"start":{"line":61,"column":37},"end":{"line":61,"column":56}},"34":{"start":{"line":62,"column":4},"end":{"line":67,"column":5}},"35":{"start":{"line":63,"column":6},"end":{"line":63,"column":26}},"36":{"start":{"line":64,"column":6},"end":{"line":64,"column":38}},"37":{"start":{"line":66,"column":6},"end":{"line":66,"column":66}},"38":{"start":{"line":68,"column":4},"end":{"line":68,"column":15}},"39":{"start":{"line":70,"column":2},"end":{"line":76,"column":5}},"40":{"start":{"line":79,"column":0},"end":{"line":104,"column":3}},"41":{"start":{"line":80,"column":17},"end":{"line":80,"column":52}},"42":{"start":{"line":81,"column":2},"end":{"line":81,"column":75}},"43":{"start":{"line":81,"column":15},"end":{"line":81,"column":75}},"44":{"start":{"line":82,"column":18},"end":{"line":102,"column":4}},"45":{"start":{"line":83,"column":19},"end":{"line":83,"column":48}},"46":{"start":{"line":84,"column":22},"end":{"line":84,"column":56}},"47":{"start":{"line":85,"column":20},"end":{"line":94,"column":10}},"48":{"start":{"line":86,"column":23},"end":{"line":86,"column":59}},"49":{"start":{"line":86,"column":39},"end":{"line":86,"column":58}},"50":{"start":{"line":87,"column":6},"end":{"line":92,"column":7}},"51":{"start":{"line":88,"column":8},"end":{"line":88,"column":28}},"52":{"start":{"line":89,"column":8},"end":{"line":89,"column":40}},"53":{"start":{"line":91,"column":8},"end":{"line":91,"column":68}},"54":{"start":{"line":93,"column":6},"end":{"line":93,"column":17}},"55":{"start":{"line":95,"column":4},"end":{"line":101,"column":6}},"56":{"start":{"line":103,"column":2},"end":{"line":103,"column":24}},"57":{"start":{"line":106,"column":0},"end":{"line":141,"column":3}},"58":{"start":{"line":107,"column":17},"end":{"line":107,"column":51}},"59":{"start":{"line":108,"column":2},"end":{"line":110,"column":3}},"60":{"start":{"line":109,"column":4},"end":{"line":109,"column":64}},"61":{"start":{"line":111,"column":20},"end":{"line":111,"column":31}},"62":{"start":{"line":112,"column":17},"end":{"line":112,"column":38}},"63":{"start":{"line":113,"column":18},"end":{"line":113,"column":53}},"64":{"start":{"line":114,"column":2},"end":{"line":114,"column":76}},"65":{"start":{"line":114,"column":16},"end":{"line":114,"column":76}},"66":{"start":{"line":116,"column":2},"end":{"line":123,"column":3}},"67":{"start":{"line":117,"column":4},"end":{"line":117,"column":49}},"68":{"start":{"line":119,"column":4},"end":{"line":121,"column":5}},"69":{"start":{"line":120,"column":6},"end":{"line":120,"column":58}},"70":{"start":{"line":122,"column":4},"end":{"line":122,"column":14}},"71":{"start":{"line":125,"column":20},"end":{"line":125,"column":60}},"72":{"start":{"line":126,"column":18},"end":{"line":135,"column":8}},"73":{"start":{"line":127,"column":21},"end":{"line":127,"column":57}},"74":{"start":{"line":127,"column":37},"end":{"line":127,"column":56}},"75":{"start":{"line":128,"column":4},"end":{"line":133,"column":5}},"76":{"start":{"line":129,"column":6},"end":{"line":129,"column":26}},"77":{"start":{"line":130,"column":6},"end":{"line":130,"column":38}},"78":{"start":{"line":132,"column":6},"end":{"line":132,"column":66}},"79":{"start":{"line":134,"column":4},"end":{"line":134,"column":15}},"80":{"start":{"line":137,"column":18},"end":{"line":137,"column":52}},"81":{"start":{"line":138,"column":2},"end":{"line":138,"column":80}},"82":{"start":{"line":140,"column":2},"end":{"line":140,"column":35}},"83":{"start":{"line":143,"column":0},"end":{"line":168,"column":3}},"84":{"start":{"line":144,"column":20},"end":{"line":144,"column":34}},"85":{"start":{"line":145,"column":2},"end":{"line":145,"column":74}},"86":{"start":{"line":145,"column":14},"end":{"line":145,"column":74}},"87":{"start":{"line":146,"column":17},"end":{"line":146,"column":38}},"88":{"start":{"line":147,"column":18},"end":{"line":147,"column":53}},"89":{"start":{"line":148,"column":2},"end":{"line":148,"column":76}},"90":{"start":{"line":148,"column":16},"end":{"line":148,"column":76}},"91":{"start":{"line":150,"column":2},"end":{"line":150,"column":50}},"92":{"start":{"line":152,"column":20},"end":{"line":152,"column":60}},"93":{"start":{"line":153,"column":18},"end":{"line":162,"column":8}},"94":{"start":{"line":154,"column":21},"end":{"line":154,"column":57}},"95":{"start":{"line":154,"column":37},"end":{"line":154,"column":56}},"96":{"start":{"line":155,"column":4},"end":{"line":160,"column":5}},"97":{"start":{"line":156,"column":6},"end":{"line":156,"column":26}},"98":{"start":{"line":157,"column":6},"end":{"line":157,"column":38}},"99":{"start":{"line":159,"column":6},"end":{"line":159,"column":66}},"100":{"start":{"line":161,"column":4},"end":{"line":161,"column":15}},"101":{"start":{"line":164,"column":18},"end":{"line":164,"column":52}},"102":{"start":{"line":165,"column":2},"end":{"line":165,"column":80}},"103":{"start":{"line":167,"column":2},"end":{"line":167,"column":35}},"104":{"start":{"line":170,"column":0},"end":{"line":170,"column":24}}},"fnMap":{"0":{"name":"getCurrentUserId","decl":{"start":{"line":8,"column":9},"end":{"line":8,"column":25}},"loc":{"start":{"line":8,"column":31},"end":{"line":11,"column":1}},"line":8},"1":{"name":"(anonymous_1)","decl":{"start":{"line":13,"column":17},"end":{"line":13,"column":18}},"loc":{"start":{"line":13,"column":31},"end":{"line":53,"column":1}},"line":13},"2":{"name":"(anonymous_2)","decl":{"start":{"line":55,"column":19},"end":{"line":55,"column":20}},"loc":{"start":{"line":55,"column":33},"end":{"line":77,"column":1}},"line":55},"3":{"name":"(anonymous_3)","decl":{"start":{"line":60,"column":35},"end":{"line":60,"column":36}},"loc":{"start":{"line":60,"column":47},"end":{"line":69,"column":3}},"line":60},"4":{"name":"(anonymous_4)","decl":{"start":{"line":61,"column":30},"end":{"line":61,"column":31}},"loc":{"start":{"line":61,"column":37},"end":{"line":61,"column":56}},"line":61},"5":{"name":"(anonymous_5)","decl":{"start":{"line":79,"column":27},"end":{"line":79,"column":28}},"loc":{"start":{"line":79,"column":41},"end":{"line":104,"column":1}},"line":79},"6":{"name":"(anonymous_6)","decl":{"start":{"line":82,"column":60},"end":{"line":82,"column":61}},"loc":{"start":{"line":82,"column":67},"end":{"line":102,"column":3}},"line":82},"7":{"name":"(anonymous_7)","decl":{"start":{"line":85,"column":37},"end":{"line":85,"column":38}},"loc":{"start":{"line":85,"column":49},"end":{"line":94,"column":5}},"line":85},"8":{"name":"(anonymous_8)","decl":{"start":{"line":86,"column":32},"end":{"line":86,"column":33}},"loc":{"start":{"line":86,"column":39},"end":{"line":86,"column":58}},"line":86},"9":{"name":"(anonymous_9)","decl":{"start":{"line":106,"column":30},"end":{"line":106,"column":31}},"loc":{"start":{"line":106,"column":44},"end":{"line":141,"column":1}},"line":106},"10":{"name":"(anonymous_10)","decl":{"start":{"line":126,"column":35},"end":{"line":126,"column":36}},"loc":{"start":{"line":126,"column":47},"end":{"line":135,"column":3}},"line":126},"11":{"name":"(anonymous_11)","decl":{"start":{"line":127,"column":30},"end":{"line":127,"column":31}},"loc":{"start":{"line":127,"column":37},"end":{"line":127,"column":56}},"line":127},"12":{"name":"(anonymous_12)","decl":{"start":{"line":143,"column":32},"end":{"line":143,"column":33}},"loc":{"start":{"line":143,"column":46},"end":{"line":168,"column":1}},"line":143},"13":{"name":"(anonymous_13)","decl":{"start":{"line":153,"column":35},"end":{"line":153,"column":36}},"loc":{"start":{"line":153,"column":47},"end":{"line":162,"column":3}},"line":153},"14":{"name":"(anonymous_14)","decl":{"start":{"line":154,"column":30},"end":{"line":154,"column":31}},"loc":{"start":{"line":154,"column":37},"end":{"line":154,"column":56}},"line":154}},"branchMap":{"0":{"loc":{"start":{"line":10,"column":9},"end":{"line":10,"column":45}},"type":"binary-expr","locations":[{"start":{"line":10,"column":9},"end":{"line":10,"column":33}},{"start":{"line":10,"column":37},"end":{"line":10,"column":45}}],"line":10},"1":{"loc":{"start":{"line":15,"column":2},"end":{"line":17,"column":3}},"type":"if","locations":[{"start":{"line":15,"column":2},"end":{"line":17,"column":3}},{"start":{},"end":{}}],"line":15},"2":{"loc":{"start":{"line":23,"column":2},"end":{"line":23,"column":78}},"type":"if","locations":[{"start":{"line":23,"column":2},"end":{"line":23,"column":78}},{"start":{},"end":{}}],"line":23},"3":{"loc":{"start":{"line":25,"column":2},"end":{"line":30,"column":3}},"type":"if","locations":[{"start":{"line":25,"column":2},"end":{"line":30,"column":3}},{"start":{},"end":{}}],"line":25},"4":{"loc":{"start":{"line":27,"column":4},"end":{"line":29,"column":5}},"type":"if","locations":[{"start":{"line":27,"column":4},"end":{"line":29,"column":5}},{"start":{},"end":{}}],"line":27},"5":{"loc":{"start":{"line":27,"column":8},"end":{"line":27,"column":59}},"type":"binary-expr","locations":[{"start":{"line":27,"column":8},"end":{"line":27,"column":15}},{"start":{"line":27,"column":19},"end":{"line":27,"column":59}}],"line":27},"6":{"loc":{"start":{"line":35,"column":14},"end":{"line":35,"column":30}},"type":"binary-expr","locations":[{"start":{"line":35,"column":14},"end":{"line":35,"column":22}},{"start":{"line":35,"column":26},"end":{"line":35,"column":30}}],"line":35},"7":{"loc":{"start":{"line":44,"column":12},"end":{"line":46,"column":58}},"type":"cond-expr","locations":[{"start":{"line":45,"column":8},"end":{"line":45,"column":73}},{"start":{"line":46,"column":8},"end":{"line":46,"column":58}}],"line":44},"8":{"loc":{"start":{"line":57,"column":2},"end":{"line":57,"column":72}},"type":"if","locations":[{"start":{"line":57,"column":2},"end":{"line":57,"column":72}},{"start":{},"end":{}}],"line":57},"9":{"loc":{"start":{"line":62,"column":4},"end":{"line":67,"column":5}},"type":"if","locations":[{"start":{"line":62,"column":4},"end":{"line":67,"column":5}},{"start":{"line":65,"column":11},"end":{"line":67,"column":5}}],"line":62},"10":{"loc":{"start":{"line":72,"column":12},"end":{"line":74,"column":62}},"type":"cond-expr","locations":[{"start":{"line":73,"column":8},"end":{"line":73,"column":73}},{"start":{"line":74,"column":8},"end":{"line":74,"column":62}}],"line":72},"11":{"loc":{"start":{"line":81,"column":2},"end":{"line":81,"column":75}},"type":"if","locations":[{"start":{"line":81,"column":2},"end":{"line":81,"column":75}},{"start":{},"end":{}}],"line":81},"12":{"loc":{"start":{"line":87,"column":6},"end":{"line":92,"column":7}},"type":"if","locations":[{"start":{"line":87,"column":6},"end":{"line":92,"column":7}},{"start":{"line":90,"column":13},"end":{"line":92,"column":7}}],"line":87},"13":{"loc":{"start":{"line":97,"column":14},"end":{"line":99,"column":62}},"type":"cond-expr","locations":[{"start":{"line":98,"column":10},"end":{"line":98,"column":75}},{"start":{"line":99,"column":10},"end":{"line":99,"column":62}}],"line":97},"14":{"loc":{"start":{"line":108,"column":2},"end":{"line":110,"column":3}},"type":"if","locations":[{"start":{"line":108,"column":2},"end":{"line":110,"column":3}},{"start":{},"end":{}}],"line":108},"15":{"loc":{"start":{"line":114,"column":2},"end":{"line":114,"column":76}},"type":"if","locations":[{"start":{"line":114,"column":2},"end":{"line":114,"column":76}},{"start":{},"end":{}}],"line":114},"16":{"loc":{"start":{"line":119,"column":4},"end":{"line":121,"column":5}},"type":"if","locations":[{"start":{"line":119,"column":4},"end":{"line":121,"column":5}},{"start":{},"end":{}}],"line":119},"17":{"loc":{"start":{"line":128,"column":4},"end":{"line":133,"column":5}},"type":"if","locations":[{"start":{"line":128,"column":4},"end":{"line":133,"column":5}},{"start":{"line":131,"column":11},"end":{"line":133,"column":5}}],"line":128},"18":{"loc":{"start":{"line":144,"column":20},"end":{"line":144,"column":34}},"type":"binary-expr","locations":[{"start":{"line":144,"column":20},"end":{"line":144,"column":28}},{"start":{"line":144,"column":32},"end":{"line":144,"column":34}}],"line":144},"19":{"loc":{"start":{"line":145,"column":2},"end":{"line":145,"column":74}},"type":"if","locations":[{"start":{"line":145,"column":2},"end":{"line":145,"column":74}},{"start":{},"end":{}}],"line":145},"20":{"loc":{"start":{"line":148,"column":2},"end":{"line":148,"column":76}},"type":"if","locations":[{"start":{"line":148,"column":2},"end":{"line":148,"column":76}},{"start":{},"end":{}}],"line":148},"21":{"loc":{"start":{"line":155,"column":4},"end":{"line":160,"column":5}},"type":"if","locations":[{"start":{"line":155,"column":4},"end":{"line":160,"column":5}},{"start":{"line":158,"column":11},"end":{"line":160,"column":5}}],"line":155}},"s":{"0":1,"1":1,"2":1,"3":1,"4":1,"5":5,"6":1,"7":3,"8":3,"9":1,"10":2,"11":2,"12":2,"13":2,"14":0,"15":2,"16":1,"17":1,"18":0,"19":2,"20":2,"21":2,"22":2,"23":2,"24":2,"25":1,"26":1,"27":1,"28":0,"29":1,"30":1,"31":1,"32":0,"33":0,"34":0,"35":0,"36":0,"37":0,"38":0,"39":1,"40":1,"41":1,"42":1,"43":0,"44":1,"45":1,"46":1,"47":1,"48":0,"49":0,"50":0,"51":0,"52":0,"53":0,"54":0,"55":1,"56":1,"57":1,"58":2,"59":2,"60":0,"61":2,"62":2,"63":2,"64":2,"65":0,"66":2,"67":2,"68":0,"69":0,"70":0,"71":2,"72":2,"73":2,"74":0,"75":2,"76":0,"77":0,"78":2,"79":2,"80":2,"81":2,"82":2,"83":1,"84":1,"85":1,"86":0,"87":1,"88":1,"89":1,"90":0,"91":1,"92":1,"93":1,"94":0,"95":0,"96":0,"97":0,"98":0,"99":0,"100":0,"101":1,"102":1,"103":1,"104":1},"f":{"0":5,"1":3,"2":1,"3":0,"4":0,"5":1,"6":1,"7":0,"8":0,"9":2,"10":2,"11":0,"12":1,"13":0,"14":0},"b":{"0":[5,0],"1":[1,2],"2":[0,2],"3":[1,1],"4":[0,1],"5":[1,1],"6":[2,1],"7":[2,0],"8":[0,1],"9":[0,0],"10":[1,0],"11":[0,1],"12":[0,0],"13":[1,0],"14":[0,2],"15":[0,2],"16":[0,0],"17":[0,2],"18":[1,0],"19":[0,1],"20":[0,1],"21":[0,0]},"_coverageSchema":"1a1c01bbd47fc00a2c39e90264f33305004495a9","hash":"e9ce1342efc0073bc7420a9020dc0be05495aeab"}
}
