TN:
SF:src/index.js
FN:42,(anonymous_0)
FN:43,(anonymous_1)
FN:51,(anonymous_2)
FN:53,(anonymous_3)
FN:54,(anonymous_4)
FN:59,(anonymous_5)
FN:64,(anonymous_6)
FN:68,(anonymous_7)
FN:74,(anonymous_8)
FN:81,(anonymous_9)
FN:86,broadcastTyping
FN:88,(anonymous_11)
FN:95,(anonymous_12)
FNF:13
FNH:3
FNDA:8,(anonymous_0)
FNDA:0,(anonymous_1)
FNDA:1,(anonymous_2)
FNDA:0,(anonymous_3)
FNDA:0,(anonymous_4)
FNDA:0,(anonymous_5)
FNDA:0,(anonymous_6)
FNDA:0,(anonymous_7)
FNDA:0,(anonymous_8)
FNDA:0,(anonymous_9)
FNDA:0,broadcastTyping
FNDA:0,(anonymous_11)
FNDA:1,(anonymous_12)
DA:1,1
DA:2,1
DA:3,1
DA:4,1
DA:5,1
DA:6,1
DA:8,1
DA:9,1
DA:10,1
DA:11,1
DA:13,1
DA:14,1
DA:16,1
DA:17,1
DA:18,1
DA:23,1
DA:25,1
DA:26,1
DA:27,1
DA:29,1
DA:35,1
DA:37,1
DA:42,8
DA:43,0
DA:45,1
DA:47,1
DA:48,1
DA:49,1
DA:51,1
DA:53,1
DA:54,0
DA:55,0
DA:56,0
DA:59,0
DA:60,0
DA:61,0
DA:64,0
DA:65,0
DA:66,0
DA:67,0
DA:68,0
DA:69,0
DA:71,0
DA:74,0
DA:75,0
DA:76,0
DA:77,0
DA:78,0
DA:81,0
DA:87,0
DA:88,0
DA:89,0
DA:90,0
DA:92,0
DA:95,1
DA:96,1
DA:99,1
LF:57
LH:32
BRDA:13,0,0,1
BRDA:13,0,1,1
BRDA:14,1,0,1
BRDA:14,1,1,1
BRDA:42,2,0,8
BRDA:42,2,1,2
BRDA:55,3,0,0
BRDA:55,3,1,0
BRDA:60,4,0,0
BRDA:60,4,1,0
BRDA:65,5,0,0
BRDA:65,5,1,0
BRDA:66,6,0,0
BRDA:66,6,1,0
BRDA:75,7,0,0
BRDA:75,7,1,0
BRDA:76,8,0,0
BRDA:76,8,1,0
BRDA:90,9,0,0
BRDA:90,9,1,0
BRF:20
BRH:6
end_of_record
TN:
SF:src/lib/sanitize.js
FN:7,sanitizeMarkdown
FNF:1
FNH:1
FNDA:2,sanitizeMarkdown
DA:1,1
DA:2,1
DA:4,1
DA:5,1
DA:8,2
DA:10,2
DA:13,1
LF:7
LH:7
BRDA:8,0,0,0
BRDA:8,0,1,2
BRF:2
BRH:1
end_of_record
TN:
SF:src/lib/store.js
FN:9,(anonymous_0)
FN:46,(anonymous_1)
FN:50,(anonymous_2)
FN:54,(anonymous_3)
FN:66,(anonymous_4)
FN:68,(anonymous_5)
FN:72,(anonymous_6)
FN:76,(anonymous_7)
FN:87,(anonymous_8)
FN:95,(anonymous_9)
FN:97,(anonymous_10)
FN:99,(anonymous_11)
FN:103,(anonymous_12)
FN:114,(anonymous_13)
FN:118,(anonymous_14)
FN:120,(anonymous_15)
FN:122,(anonymous_16)
FN:126,(anonymous_17)
FN:141,(anonymous_18)
FN:149,(anonymous_19)
FN:151,(anonymous_20)
FN:155,(anonymous_21)
FN:157,(anonymous_22)
FN:180,(anonymous_23)
FN:182,(anonymous_24)
FN:192,(anonymous_25)
FN:195,(anonymous_26)
FN:197,(anonymous_27)
FN:198,(anonymous_28)
FN:205,(anonymous_29)
FN:213,(anonymous_30)
FN:220,(anonymous_31)
FN:228,(anonymous_32)
FNF:33
FNH:23
FNDA:2,(anonymous_0)
FNDA:0,(anonymous_1)
FNDA:10,(anonymous_2)
FNDA:0,(anonymous_3)
FNDA:12,(anonymous_4)
FNDA:0,(anonymous_5)
FNDA:6,(anonymous_6)
FNDA:0,(anonymous_7)
FNDA:9,(anonymous_8)
FNDA:1,(anonymous_9)
FNDA:1,(anonymous_10)
FNDA:0,(anonymous_11)
FNDA:0,(anonymous_12)
FNDA:6,(anonymous_13)
FNDA:1,(anonymous_14)
FNDA:7,(anonymous_15)
FNDA:0,(anonymous_16)
FNDA:9,(anonymous_17)
FNDA:0,(anonymous_18)
FNDA:8,(anonymous_19)
FNDA:5,(anonymous_20)
FNDA:2,(anonymous_21)
FNDA:1,(anonymous_22)
FNDA:1,(anonymous_23)
FNDA:2,(anonymous_24)
FNDA:1,(anonymous_25)
FNDA:1,(anonymous_26)
FNDA:0,(anonymous_27)
FNDA:1,(anonymous_28)
FNDA:2,(anonymous_29)
FNDA:0,(anonymous_30)
FNDA:1,(anonymous_31)
FNDA:3,(anonymous_32)
DA:6,2
DA:10,2
DA:11,2
DA:12,2
DA:13,2
DA:14,2
DA:17,2
DA:23,2
DA:25,2
DA:31,2
DA:33,2
DA:42,2
DA:47,0
DA:51,10
DA:55,0
DA:61,0
DA:62,0
DA:67,12
DA:68,0
DA:73,6
DA:77,0
DA:83,0
DA:84,0
DA:88,9
DA:89,9
DA:90,9
DA:96,1
DA:97,1
DA:99,1
DA:101,1
DA:102,1
DA:103,0
DA:104,0
DA:107,1
DA:109,1
DA:111,1
DA:115,6
DA:119,1
DA:120,7
DA:122,1
DA:123,1
DA:127,9
DA:136,9
DA:137,9
DA:138,9
DA:142,0
DA:143,0
DA:144,0
DA:145,0
DA:150,8
DA:151,5
DA:156,2
DA:157,1
DA:159,2
DA:162,2
DA:163,2
DA:164,0
DA:165,0
DA:166,0
DA:169,2
DA:176,2
DA:177,2
DA:181,1
DA:182,2
DA:184,1
DA:185,1
DA:186,1
DA:188,0
DA:193,1
DA:194,1
DA:195,1
DA:197,1
DA:198,1
DA:206,2
DA:207,1
DA:209,2
DA:210,2
DA:211,1
DA:213,2
DA:214,0
DA:215,0
DA:217,2
DA:221,1
DA:222,1
DA:223,1
DA:224,1
DA:229,3
DA:230,3
DA:231,3
DA:235,2
LF:90
LH:70
BRDA:51,0,0,10
BRDA:51,0,1,0
BRDA:57,1,0,0
BRDA:57,1,1,0
BRDA:58,2,0,0
BRDA:58,2,1,0
BRDA:73,3,0,6
BRDA:73,3,1,0
BRDA:79,4,0,0
BRDA:79,4,1,0
BRDA:89,5,0,9
BRDA:89,5,1,0
BRDA:95,6,0,0
BRDA:95,7,0,0
BRDA:102,8,0,0
BRDA:102,8,1,1
BRDA:104,9,0,0
BRDA:104,9,1,0
BRDA:109,10,0,0
BRDA:109,10,1,1
BRDA:109,11,0,0
BRDA:109,11,1,0
BRDA:115,12,0,6
BRDA:115,12,1,0
BRDA:130,13,0,9
BRDA:130,13,1,7
BRDA:134,14,0,9
BRDA:134,14,1,0
BRDA:143,15,0,0
BRDA:143,15,1,0
BRDA:157,16,0,1
BRDA:157,16,1,0
BRDA:157,16,2,0
BRDA:159,17,0,0
BRDA:159,17,1,2
BRDA:163,18,0,0
BRDA:163,18,1,2
BRDA:182,19,0,2
BRDA:182,19,1,1
BRDA:182,19,2,1
BRDA:184,20,0,1
BRDA:184,20,1,0
BRDA:195,21,0,1
BRDA:195,21,1,1
BRDA:205,22,0,2
BRDA:206,23,0,1
BRDA:206,23,1,1
BRDA:210,24,0,1
BRDA:210,24,1,1
BRDA:222,25,0,1
BRDA:222,25,1,0
BRDA:222,26,0,1
BRDA:222,26,1,1
BRDA:230,27,0,0
BRDA:230,27,1,3
BRF:55
BRH:27
end_of_record
TN:
SF:src/lib/validators.js
FNF:0
FNH:0
DA:1,1
DA:3,1
DA:9,1
DA:13,1
LF:4
LH:4
BRF:0
BRH:0
end_of_record
TN:
SF:src/routes/ai.js
FN:7,getCurrentUserId
FN:11,(anonymous_1)
FN:41,(anonymous_2)
FN:72,(anonymous_3)
FNF:4
FNH:3
FNDA:0,getCurrentUserId
FNDA:2,(anonymous_1)
FNDA:15,(anonymous_2)
FNDA:1,(anonymous_3)
DA:1,1
DA:2,1
DA:3,1
DA:5,1
DA:8,0
DA:11,1
DA:12,2
DA:13,2
DA:14,1
DA:16,1
DA:17,1
DA:19,1
DA:20,1
DA:21,1
DA:23,1
DA:40,1
DA:41,1
DA:42,15
DA:43,1
DA:44,1
DA:45,1
DA:53,1
DA:61,1
DA:63,1
DA:64,1
DA:65,1
DA:66,1
DA:68,14
DA:69,14
DA:72,1
DA:73,1
DA:77,1
LF:32
LH:31
BRDA:8,0,0,0
BRDA:8,0,1,0
BRDA:13,1,0,1
BRDA:13,1,1,1
BRDA:17,2,0,0
BRDA:17,2,1,1
BRDA:42,3,0,1
BRDA:42,3,1,14
BRDA:55,4,0,1
BRDA:55,4,1,0
BRF:10
BRH:6
end_of_record
TN:
SF:src/routes/conversations.js
FN:6,enrichConversation
FN:8,(anonymous_1)
FN:11,(anonymous_2)
FN:21,(anonymous_3)
FN:26,(anonymous_4)
FN:32,(anonymous_5)
FN:41,(anonymous_6)
FN:44,(anonymous_7)
FN:45,(anonymous_8)
FN:66,(anonymous_9)
FNF:10
FNH:7
FNDA:2,enrichConversation
FNDA:2,(anonymous_1)
FNDA:0,(anonymous_2)
FNDA:1,(anonymous_3)
FNDA:1,(anonymous_4)
FNDA:1,(anonymous_5)
FNDA:1,(anonymous_6)
FNDA:0,(anonymous_7)
FNDA:0,(anonymous_8)
FNDA:1,(anonymous_9)
DA:1,1
DA:2,1
DA:4,1
DA:7,2
DA:8,2
DA:10,2
DA:11,0
DA:13,2
DA:21,1
DA:22,1
DA:23,1
DA:26,1
DA:27,1
DA:28,1
DA:29,1
DA:32,1
DA:33,1
DA:34,1
DA:35,1
DA:36,1
DA:37,1
DA:39,1
DA:41,1
DA:42,1
DA:43,1
DA:44,1
DA:45,0
DA:46,0
DA:47,0
DA:48,0
DA:50,0
DA:52,0
DA:54,1
DA:63,1
DA:66,1
DA:67,1
DA:68,1
DA:69,1
DA:70,1
DA:71,1
DA:72,1
DA:73,1
DA:76,1
LF:43
LH:36
BRDA:10,0,0,2
BRDA:10,0,1,0
BRDA:28,1,0,0
BRDA:28,1,1,1
BRDA:34,2,0,1
BRDA:34,2,1,1
BRDA:35,3,0,1
BRDA:35,3,1,1
BRDA:37,4,0,0
BRDA:37,4,1,1
BRDA:46,5,0,0
BRDA:46,5,1,0
BRDA:56,6,0,1
BRDA:56,6,1,0
BRDA:68,7,0,1
BRDA:68,7,1,0
BRDA:69,8,0,0
BRDA:69,8,1,1
BRDA:71,9,0,0
BRDA:71,9,1,1
BRF:20
BRH:11
end_of_record
TN:
SF:src/routes/messages.js
FN:8,getCurrentUserId
FN:13,(anonymous_1)
FN:55,(anonymous_2)
FN:60,(anonymous_3)
FN:61,(anonymous_4)
FN:79,(anonymous_5)
FN:82,(anonymous_6)
FN:85,(anonymous_7)
FN:86,(anonymous_8)
FN:106,(anonymous_9)
FN:126,(anonymous_10)
FN:127,(anonymous_11)
FN:143,(anonymous_12)
FN:153,(anonymous_13)
FN:154,(anonymous_14)
FNF:15
FNH:8
FNDA:5,getCurrentUserId
FNDA:3,(anonymous_1)
FNDA:1,(anonymous_2)
FNDA:0,(anonymous_3)
FNDA:0,(anonymous_4)
FNDA:1,(anonymous_5)
FNDA:1,(anonymous_6)
FNDA:0,(anonymous_7)
FNDA:0,(anonymous_8)
FNDA:2,(anonymous_9)
FNDA:2,(anonymous_10)
FNDA:0,(anonymous_11)
FNDA:1,(anonymous_12)
FNDA:0,(anonymous_13)
FNDA:0,(anonymous_14)
DA:1,1
DA:2,1
DA:3,1
DA:4,1
DA:6,1
DA:10,5
DA:13,1
DA:14,3
DA:15,3
DA:16,1
DA:19,2
DA:20,2
DA:22,2
DA:23,2
DA:25,2
DA:26,1
DA:27,1
DA:28,0
DA:32,2
DA:33,2
DA:41,2
DA:42,2
DA:50,2
DA:52,2
DA:55,1
DA:56,1
DA:57,1
DA:58,1
DA:59,1
DA:60,1
DA:61,0
DA:62,0
DA:63,0
DA:64,0
DA:66,0
DA:68,0
DA:70,1
DA:79,1
DA:80,1
DA:81,1
DA:82,1
DA:83,1
DA:84,1
DA:85,1
DA:86,0
DA:87,0
DA:88,0
DA:89,0
DA:91,0
DA:93,0
DA:95,1
DA:103,1
DA:106,1
DA:107,2
DA:108,2
DA:109,0
DA:111,2
DA:112,2
DA:113,2
DA:114,2
DA:116,2
DA:117,2
DA:119,0
DA:120,0
DA:122,0
DA:125,2
DA:126,2
DA:127,2
DA:128,2
DA:129,0
DA:130,0
DA:132,2
DA:134,2
DA:137,2
DA:138,2
DA:140,2
DA:143,1
DA:144,1
DA:145,1
DA:146,1
DA:147,1
DA:148,1
DA:150,1
DA:152,1
DA:153,1
DA:154,0
DA:155,0
DA:156,0
DA:157,0
DA:159,0
DA:161,0
DA:164,1
DA:165,1
DA:167,1
DA:170,1
LF:95
LH:70
BRDA:10,0,0,5
BRDA:10,0,1,0
BRDA:15,1,0,1
BRDA:15,1,1,2
BRDA:23,2,0,0
BRDA:23,2,1,2
BRDA:25,3,0,1
BRDA:25,3,1,1
BRDA:27,4,0,0
BRDA:27,4,1,1
BRDA:27,5,0,1
BRDA:27,5,1,1
BRDA:35,6,0,2
BRDA:35,6,1,1
BRDA:44,7,0,2
BRDA:44,7,1,0
BRDA:57,8,0,0
BRDA:57,8,1,1
BRDA:62,9,0,0
BRDA:62,9,1,0
BRDA:72,10,0,1
BRDA:72,10,1,0
BRDA:81,11,0,0
BRDA:81,11,1,1
BRDA:87,12,0,0
BRDA:87,12,1,0
BRDA:97,13,0,1
BRDA:97,13,1,0
BRDA:108,14,0,0
BRDA:108,14,1,2
BRDA:114,15,0,0
BRDA:114,15,1,2
BRDA:119,16,0,0
BRDA:119,16,1,0
BRDA:128,17,0,0
BRDA:128,17,1,2
BRDA:144,18,0,1
BRDA:144,18,1,0
BRDA:145,19,0,0
BRDA:145,19,1,1
BRDA:148,20,0,0
BRDA:148,20,1,1
BRDA:155,21,0,0
BRDA:155,21,1,0
BRF:44
BRH:22
end_of_record
